<?xml version="1.0" encoding="UTF-8"?>
<!-- Generated by org.testng.reporters.JUnitReportReporter -->
<testsuite skipped="0" hostname="DESKTOP-7D3TAMJ" name="pages.seleniumTestRegressivo.JSON_testng.CT0002" tests="1" failures="0" timestamp="2020-09-01T16:48:02 BRT" time="0.044" errors="0">
  <testcase name="CT0002" time="0.044" classname="pages.seleniumTestRegressivo.JSON_testng.CT0002"/>
  <system-out/>
</testsuite> <!-- pages.seleniumTestRegressivo.JSON_testng.CT0002 -->
