<?xml version="1.0" encoding="UTF-8"?>
<!-- Generated by org.testng.reporters.JUnitReportReporter -->
<testsuite skipped="0" hostname="DESKTOP-7D3TAMJ" name="executor.Runner" tests="3" failures="0" timestamp="2020-09-01T20:04:10 BRT" time="72.856" errors="0">
  <testcase name="runTest" time="20.688" classname="executor.Runner"/>
  <system-out/>
  <testcase name="runTest" time="25.835" classname="executor.Runner"/>
  <system-out/>
  <testcase name="runTest" time="26.333" classname="executor.Runner"/>
  <system-out/>
</testsuite> <!-- executor.Runner -->
