<?xml version="1.0" encoding="UTF-8"?>
<!-- Generated by org.testng.reporters.JUnitReportReporter -->
<testsuite skipped="0" hostname="DESKTOP-7D3TAMJ" name="pages.seleniumTestRegressivo.CT0001" tests="1" failures="0" timestamp="26 Aug 2020 20:41:13 GMT" time="0.012" errors="0">
  <testcase name="CT0001" time="0.012" classname="pages.seleniumTestRegressivo.CT0001"/>
</testsuite> <!-- pages.seleniumTestRegressivo.CT0001 -->
