<?xml version="1.0" encoding="UTF-8"?>
<!-- Generated by org.testng.reporters.JUnitReportReporter -->
<testsuite skipped="0" hostname="DESKTOP-7D3TAMJ" name="runner.Runner" tests="3" failures="0" timestamp="2020-09-01T16:16:37 BRT" time="63.904" errors="0">
  <testcase name="runTest" time="21.637" classname="runner.Runner"/>
  <system-out/>
  <testcase name="runTest" time="19.347" classname="runner.Runner"/>
  <system-out/>
  <testcase name="runTest" time="22.920" classname="runner.Runner"/>
  <system-out/>
</testsuite> <!-- runner.Runner -->
