<?xml version="1.0" encoding="UTF-8"?>
<!-- Generated by org.testng.reporters.JUnitReportReporter -->
<testsuite skipped="0" hostname="DESKTOP-7D3TAMJ" name="teste.web.regressivo.cadastrarUsuario.CT0010" tests="1" failures="0" timestamp="2020-09-15T10:06:09 BRT" time="0.143" errors="0">
  <testcase name="CT00010" time="0.143" classname="teste.web.regressivo.cadastrarUsuario.CT0010"/>
  <system-out/>
</testsuite> <!-- teste.web.regressivo.cadastrarUsuario.CT0010 -->
