<?xml version="1.0" encoding="UTF-8"?>
<!-- Generated by org.testng.reporters.JUnitReportReporter -->
<testsuite skipped="0" hostname="DESKTOP-7D3TAMJ" name="teste.adicionarProduto.CT0001" tests="1" failures="0" timestamp="2020-09-04T14:27:06 BRT" time="12.474" errors="0">
  <testcase name="CT0001" time="12.474" classname="teste.adicionarProduto.CT0001"/>
  <system-out/>
</testsuite> <!-- teste.adicionarProduto.CT0001 -->
