<?xml version="1.0" encoding="UTF-8"?>
<!-- Generated by org.testng.reporters.JUnitReportReporter -->
<testsuite skipped="0" hostname="DESKTOP-7D3TAMJ" name="teste.web.regressivo.adicionarProduto.CT0002" tests="1" failures="0" timestamp="2020-11-10T14:12:59 BRT" time="26.946" errors="0">
  <testcase name="CT0002" time="26.946" classname="teste.web.regressivo.adicionarProduto.CT0002"/>
  <system-out>
Iniciado: CT0002 =============================================== [PASSO] clicar no login [PASSO] Preemchido Formulario de login [PASSO] clicar em logar [PASSO] Selecionado categoria [PASSO] clicar na primeira oferta [PASSO] Selecionar quantidade de produto CT0002 executado com sucesso! ===============================================
  </system-out>
</testsuite> <!-- teste.web.regressivo.adicionarProduto.CT0002 -->
