<?xml version="1.0" encoding="UTF-8"?>
<!-- Generated by org.testng.reporters.JUnitReportReporter -->
<testsuite skipped="0" hostname="DESKTOP-7D3TAMJ" name="pages.seleniumTestRegressivo.JSON_testng.CT0001" tests="1" failures="0" timestamp="2020-09-01T16:46:36 BRT" time="0.037" errors="0">
  <testcase name="CT0001" time="0.037" classname="pages.seleniumTestRegressivo.JSON_testng.CT0001"/>
  <system-out/>
</testsuite> <!-- pages.seleniumTestRegressivo.JSON_testng.CT0001 -->
