<?xml version="1.0" encoding="UTF-8"?>
<!-- Generated by org.testng.reporters.JUnitReportReporter -->
<testsuite skipped="0" hostname="DESKTOP-7D3TAMJ" name="teste.adicionarProduto.CT0002" tests="1" failures="0" timestamp="2020-09-02T16:43:47 BRT" time="9.232" errors="0">
  <testcase name="CT0002" time="9.232" classname="teste.adicionarProduto.CT0002"/>
  <system-out/>
</testsuite> <!-- teste.adicionarProduto.CT0002 -->
