<?xml version="1.0" encoding="UTF-8"?>
<!-- Generated by org.testng.reporters.JUnitReportReporter -->
<testsuite skipped="0" hostname="DESKTOP-7D3TAMJ" name="teste.web.regressivo.adicionarProduto.CT0003" tests="1" failures="0" timestamp="2020-09-15T15:54:07 BRT" time="33.144" errors="0">
  <testcase name="CT0003" time="33.144" classname="teste.web.regressivo.adicionarProduto.CT0003"/>
  <system-out>
Iniciado: CT0003 =============================================== [PASSO] clicar no login [PASSO] Preemchido Formulario de login [PASSO] clicar em logar [PASSO] Selecionado categoria [PASSO] clicar na primeira oferta [PASSO] Selecionar quantidade de produto CT0003 executado com sucesso! ===============================================
  </system-out>
</testsuite> <!-- teste.web.regressivo.adicionarProduto.CT0003 -->
