<?xml version="1.0" encoding="UTF-8"?>
<!-- Generated by org.testng.reporters.JUnitReportReporter -->
<testsuite skipped="0" hostname="DESKTOP-7D3TAMJ" name="ct.JSON_testng.adicionar.CT0001" tests="1" failures="0" timestamp="2020-09-01T16:58:44 BRT" time="0.030" errors="0">
  <testcase name="CT0001" time="0.030" classname="ct.JSON_testng.adicionar.CT0001"/>
  <system-out/>
</testsuite> <!-- ct.JSON_testng.adicionar.CT0001 -->
