<?xml version="1.0" encoding="UTF-8"?>
<!-- Generated by org.testng.reporters.JUnitReportReporter -->
<testsuite skipped="0" hostname="DESKTOP-7D3TAMJ" name="teste.adicionarProduto.CT0003" tests="1" failures="0" timestamp="2020-09-08T10:12:25 BRT" time="8.360" errors="0">
  <testcase name="CT0003" time="8.360" classname="teste.adicionarProduto.CT0003"/>
  <system-out/>
</testsuite> <!-- teste.adicionarProduto.CT0003 -->
