<?xml version="1.0" encoding="UTF-8"?>
<!-- Generated by org.testng.reporters.JUnitReportReporter -->
<testsuite skipped="0" hostname="DESKTOP-7D3TAMJ" name="teste.web.regressivo.adicionarProduto.CT0005" tests="1" failures="0" timestamp="2020-09-21T13:31:56 BRT" time="24.963" errors="0">
  <testcase name="CT0005" time="24.963" classname="teste.web.regressivo.adicionarProduto.CT0005"/>
  <system-out>
Iniciado: CT0005 =============================================== [PASSO] clicar no login [PASSO] Preemchido Formulario de login [PASSO] clicar em logar [PASSO] Selecionado categoria [PASSO] clicar na primeira oferta [PASSO] Selecionar quantidade de produto CT0005 executado com sucesso! ===============================================
  </system-out>
</testsuite> <!-- teste.web.regressivo.adicionarProduto.CT0005 -->
