<?xml version="1.0" encoding="UTF-8"?>
<!-- Generated by org.testng.reporters.JUnitReportReporter -->
<testsuite skipped="0" hostname="SKAR1200666" name="br.com.advantage.runner.Runner" tests="2" failures="0" timestamp="15 Mar 2020 14:03:35 GMT" time="33.480" errors="0">
  <testcase name="runTest" time="13.014" classname="br.com.advantage.runner.Runner"/>
  <testcase name="runTest" time="20.466" classname="br.com.advantage.runner.Runner"/>
</testsuite> <!-- br.com.advantage.runner.Runner -->
